2014-05-01 10:56:48.838 Landmark Connect[14489:70b] Multi-tasking -> Device: YES, App: YES
2014-05-01 10:56:48.953 Landmark Connect[14489:70b] Unlimited access to network resources
2014-05-01 10:56:49.825 Landmark Connect[14489:70b] [CDVTimer][statusbar] 111.779988ms
2014-05-01 10:56:49.826 Landmark Connect[14489:70b] [CDVTimer][TotalPluginStartup] 112.344027ms
2014-05-01 10:56:49.912 Landmark Connect[14489:70b] Resetting plugins due to page load.
2014-05-01 10:56:53.839 Landmark Connect[14489:70b] Finished load of: file:///Users/mikestecker/Library/Application%20Support/iPhone%20Simulator/7.1/Applications/8ADAA5F3-B07F-4469-B2E2-0671B19B979E/Landmark%20Connect.app/www/index.html#/app/locations/list
2014-05-01 10:56:53.841 Landmark Connect[14489:70b] Cordova is ready
2014-05-01 10:59:19.308 Landmark Connect[15002:70b] Multi-tasking -> Device: YES, App: YES
2014-05-01 10:59:19.314 Landmark Connect[15002:70b] Unlimited access to network resources
2014-05-01 10:59:19.336 Landmark Connect[15002:70b] [CDVTimer][statusbar] 6.680012ms
2014-05-01 10:59:19.336 Landmark Connect[15002:70b] [CDVTimer][TotalPluginStartup] 7.160008ms
2014-05-01 10:59:19.415 Landmark Connect[15002:70b] Resetting plugins due to page load.
2014-05-01 10:59:20.117 Landmark Connect[15002:70b] THREAD WARNING: ['Geolocation'] took '13.290771' ms. Plugin should use a background thread.
2014-05-01 10:59:21.863 Landmark Connect[15002:70b] Finished load of: file:///Users/mikestecker/Library/Application%20Support/iPhone%20Simulator/7.1/Applications/8ADAA5F3-B07F-4469-B2E2-0671B19B979E/Landmark%20Connect.app/www/index.html#/app/locations/list
2014-05-01 10:59:21.866 Landmark Connect[15002:70b] Cordova is ready
2014-05-01 11:00:38.693 Landmark Connect[15510:70b] Multi-tasking -> Device: YES, App: YES
2014-05-01 11:00:38.700 Landmark Connect[15510:70b] Unlimited access to network resources
2014-05-01 11:00:38.721 Landmark Connect[15510:70b] [CDVTimer][statusbar] 6.657958ms
2014-05-01 11:00:38.722 Landmark Connect[15510:70b] [CDVTimer][TotalPluginStartup] 7.098019ms
2014-05-01 11:00:38.799 Landmark Connect[15510:70b] Resetting plugins due to page load.
2014-05-01 11:00:39.496 Landmark Connect[15510:70b] THREAD WARNING: ['Geolocation'] took '14.163086' ms. Plugin should use a background thread.
2014-05-01 11:00:41.450 Landmark Connect[15510:70b] Finished load of: file:///Users/mikestecker/Library/Application%20Support/iPhone%20Simulator/7.1/Applications/8ADAA5F3-B07F-4469-B2E2-0671B19B979E/Landmark%20Connect.app/www/index.html#/app/locations/list
2014-05-01 11:00:41.478 Landmark Connect[15510:70b] Cordova is ready
2014-05-01 15:47:22.021 Landmark Connect[17675:70b] Multi-tasking -> Device: YES, App: YES
2014-05-01 15:47:22.053 Landmark Connect[17675:70b] Unlimited access to network resources
2014-05-01 15:47:22.075 Landmark Connect[17675:70b] [CDVTimer][file] 2.601981ms
2014-05-01 15:47:22.220 Landmark Connect[17675:70b] [CDVTimer][statusbar] 145.100951ms
2014-05-01 15:47:22.221 Landmark Connect[17675:70b] [CDVTimer][TotalPluginStartup] 148.932040ms
2014-05-01 15:47:23.113 Landmark Connect[17675:70b] Resetting plugins due to page load.
2014-05-01 15:47:23.430 Landmark Connect[17675:70b] Finished load of: file:///Users/mikestecker/Library/Application%20Support/iPhone%20Simulator/7.1/Applications/8ADAA5F3-B07F-4469-B2E2-0671B19B979E/Landmark%20Connect.app/www/index.html#/%23%2Flocation%2F0%2Fdetails
2014-05-01 15:47:23.580 Landmark Connect[17675:70b] Cordova is ready
2014-05-01 15:49:14.612 Landmark Connect[18170:70b] Multi-tasking -> Device: YES, App: YES
2014-05-01 15:49:14.618 Landmark Connect[18170:70b] Unlimited access to network resources
2014-05-01 15:49:14.637 Landmark Connect[18170:70b] [CDVTimer][file] 1.075029ms
2014-05-01 15:49:14.644 Landmark Connect[18170:70b] [CDVTimer][statusbar] 6.803036ms
2014-05-01 15:49:14.645 Landmark Connect[18170:70b] [CDVTimer][TotalPluginStartup] 8.758962ms
2014-05-01 15:49:14.692 Landmark Connect[18170:70b] Resetting plugins due to page load.
2014-05-01 15:49:14.834 Landmark Connect[18170:70b] Finished load of: file:///Users/mikestecker/Library/Application%20Support/iPhone%20Simulator/7.1/Applications/8ADAA5F3-B07F-4469-B2E2-0671B19B979E/Landmark%20Connect.app/www/index.html#/location/0/details
2014-05-01 15:49:14.878 Landmark Connect[18170:70b] Cordova is ready
2014-05-01 17:05:25.415 Landmark Connect[19045:70b] Multi-tasking -> Device: YES, App: YES
2014-05-01 17:05:25.442 Landmark Connect[19045:70b] Unlimited access to network resources
2014-05-01 17:05:25.459 Landmark Connect[19045:70b] [CDVTimer][file] 1.890004ms
2014-05-01 17:05:25.772 Landmark Connect[19045:70b] [CDVTimer][statusbar] 312.607050ms
2014-05-01 17:05:25.773 Landmark Connect[19045:70b] [CDVTimer][TotalPluginStartup] 315.717041ms
2014-05-01 17:05:26.188 Landmark Connect[19045:70b] Resetting plugins due to page load.
2014-05-01 17:05:28.732 Landmark Connect[19045:70b] Finished load of: file:///Users/mikestecker/Library/Application%20Support/iPhone%20Simulator/7.1/Applications/8ADAA5F3-B07F-4469-B2E2-0671B19B979E/Landmark%20Connect.app/www/index.html#/app/loc/all
2014-05-01 17:05:28.736 Landmark Connect[19045:70b] Cordova is ready
2014-05-01 17:08:19.139 Landmark Connect[19614:70b] Multi-tasking -> Device: YES, App: YES
2014-05-01 17:08:19.145 Landmark Connect[19614:70b] Unlimited access to network resources
2014-05-01 17:08:19.162 Landmark Connect[19614:70b] [CDVTimer][file] 1.106024ms
2014-05-01 17:08:19.169 Landmark Connect[19614:70b] [CDVTimer][statusbar] 6.726027ms
2014-05-01 17:08:19.169 Landmark Connect[19614:70b] [CDVTimer][TotalPluginStartup] 8.354008ms
2014-05-01 17:08:19.221 Landmark Connect[19614:70b] Resetting plugins due to page load.
2014-05-01 17:08:21.858 Landmark Connect[19614:70b] Finished load of: file:///Users/mikestecker/Library/Application%20Support/iPhone%20Simulator/7.1/Applications/8ADAA5F3-B07F-4469-B2E2-0671B19B979E/Landmark%20Connect.app/www/index.html#/app/loc/all
2014-05-01 17:08:21.873 Landmark Connect[19614:70b] Cordova is ready
2014-05-01 17:10:48.324 Landmark Connect[20115:70b] Multi-tasking -> Device: YES, App: YES
2014-05-01 17:10:48.330 Landmark Connect[20115:70b] Unlimited access to network resources
2014-05-01 17:10:48.346 Landmark Connect[20115:70b] [CDVTimer][file] 1.035035ms
2014-05-01 17:10:48.353 Landmark Connect[20115:70b] [CDVTimer][statusbar] 6.726980ms
2014-05-01 17:10:48.353 Landmark Connect[20115:70b] [CDVTimer][TotalPluginStartup] 8.253992ms
2014-05-01 17:10:48.381 Landmark Connect[20115:70b] Resetting plugins due to page load.
2014-05-01 17:10:50.474 Landmark Connect[20115:70b] Finished load of: file:///Users/mikestecker/Library/Application%20Support/iPhone%20Simulator/7.1/Applications/8ADAA5F3-B07F-4469-B2E2-0671B19B979E/Landmark%20Connect.app/www/index.html#/app/loc/all
2014-05-01 17:10:50.489 Landmark Connect[20115:70b] Cordova is ready
2014-05-01 17:14:32.511 Landmark Connect[20619:70b] Multi-tasking -> Device: YES, App: YES
2014-05-01 17:14:32.517 Landmark Connect[20619:70b] Unlimited access to network resources
2014-05-01 17:14:32.534 Landmark Connect[20619:70b] [CDVTimer][file] 1.060963ms
2014-05-01 17:14:32.540 Landmark Connect[20619:70b] [CDVTimer][statusbar] 6.033003ms
2014-05-01 17:14:32.540 Landmark Connect[20619:70b] [CDVTimer][TotalPluginStartup] 7.601023ms
2014-05-01 17:14:32.631 Landmark Connect[20619:70b] Resetting plugins due to page load.
2014-05-01 17:14:34.831 Landmark Connect[20619:70b] Finished load of: file:///Users/mikestecker/Library/Application%20Support/iPhone%20Simulator/7.1/Applications/8ADAA5F3-B07F-4469-B2E2-0671B19B979E/Landmark%20Connect.app/www/index.html#/app/loc/all
2014-05-01 17:15:37.193 Landmark Connect[21116:70b] Multi-tasking -> Device: YES, App: YES
2014-05-01 17:15:37.198 Landmark Connect[21116:70b] Unlimited access to network resources
2014-05-01 17:15:37.215 Landmark Connect[21116:70b] [CDVTimer][file] 1.739979ms
2014-05-01 17:15:37.223 Landmark Connect[21116:70b] [CDVTimer][statusbar] 7.194996ms
2014-05-01 17:15:37.223 Landmark Connect[21116:70b] [CDVTimer][TotalPluginStartup] 9.569049ms
2014-05-01 17:15:37.331 Landmark Connect[21116:70b] Resetting plugins due to page load.
2014-05-01 17:15:39.364 Landmark Connect[21116:70b] Finished load of: file:///Users/mikestecker/Library/Application%20Support/iPhone%20Simulator/7.1/Applications/8ADAA5F3-B07F-4469-B2E2-0671B19B979E/Landmark%20Connect.app/www/index.html#/app/loc/all
2014-05-01 17:16:47.437 Landmark Connect[21613:70b] Multi-tasking -> Device: YES, App: YES
2014-05-01 17:16:47.443 Landmark Connect[21613:70b] Unlimited access to network resources
2014-05-01 17:16:47.460 Landmark Connect[21613:70b] [CDVTimer][file] 2.306998ms
2014-05-01 17:16:47.466 Landmark Connect[21613:70b] [CDVTimer][statusbar] 6.070018ms
2014-05-01 17:16:47.467 Landmark Connect[21613:70b] [CDVTimer][TotalPluginStartup] 8.876026ms
2014-05-01 17:16:47.567 Landmark Connect[21613:70b] Resetting plugins due to page load.
2014-05-01 17:16:49.659 Landmark Connect[21613:70b] Finished load of: file:///Users/mikestecker/Library/Application%20Support/iPhone%20Simulator/7.1/Applications/8ADAA5F3-B07F-4469-B2E2-0671B19B979E/Landmark%20Connect.app/www/index.html#/app/loc/all
2014-05-01 17:16:49.679 Landmark Connect[21613:70b] Cordova is ready
